 command line:
   ./FacNumberBlock_tbw_isim_beh.exe
     -intstyle  ise
     -ipchost  localhost
     -ipcport  1181

Fri Mar 17 00:09:36 2023

Total Line Count = 790

 Elaboration time 0.015625 sec.

 Estimate current memory usage 34.7505 Meg. 

 Total signals 12
 Total nets 20
 Total signal drivers 5
 Total blocks 7
 Total primitive blocks 1
 Total processes 4
ntrace select -o on -n /FacNumberBlock_tbw/clk 
ntrace select -o on -n /FacNumberBlock_tbw/reset 
ntrace select -o on -n /FacNumberBlock_tbw/numberin 
ntrace select -o on -n /FacNumberBlock_tbw/segmentout 
ntrace start 
run all 
Simulator is doing circuit initialization process.
Finished circuit initialization process.
