 command line:
   ./CustomCounter_tbw_isim_beh.exe
     -intstyle  ise
     -ipchost  localhost
     -ipcport  2398

Mon Mar 06 23:25:10 2023

Total Line Count = 753

 Elaboration time 0 sec.

 Estimate current memory usage 34.7423 Meg. 

 Total signals 15
 Total nets 19
 Total signal drivers 5
 Total blocks 7
 Total primitive blocks 1
 Total processes 4
ntrace select -o on -n /CustomCounter_tbw/clk 
ntrace select -o on -n /CustomCounter_tbw/reset 
ntrace select -o on -n /CustomCounter_tbw/mode 
ntrace select -o on -n /CustomCounter_tbw/load 
ntrace select -o on -n /CustomCounter_tbw/d 
ntrace select -o on -n /CustomCounter_tbw/q 
ntrace select -o on -n /CustomCounter_tbw/increment 
ntrace start 
run all 
Simulator is doing circuit initialization process.
Finished circuit initialization process.
